<?xml version="1.0" encoding="UTF-8"?>
<!-- Generated by org.testng.reporters.JUnitReportReporter -->
<testsuite hostname="DESKTOP-A76ELC4" failures="0" tests="5" name="com.bfm.project.DailyCareNappy" time="64.992" errors="0" timestamp="2023-06-22T12:26:30 IST" skipped="0">
  <testcase classname="com.bfm.project.DailyCareNappy" name="login" time="11.531"/>
  <system-out/>
  <testcase classname="com.bfm.project.DailyCareNappy" name="adelineNappy" time="9.261"/>
  <system-out/>
  <testcase classname="com.bfm.project.DailyCareNappy" name="addUndies" time="13.931"/>
  <system-out/>
  <testcase classname="com.bfm.project.DailyCareNappy" name="dailyTask" time="11.228"/>
  <system-out/>
  <testcase classname="com.bfm.project.DailyCareNappy" name="addToilet" time="19.041"/>
  <system-out/>
</testsuite> <!-- com.bfm.project.DailyCareNappy -->
