<?xml version="1.0" encoding="UTF-8"?>
<!-- Generated by org.testng.reporters.JUnitReportReporter -->
<testsuite hostname="DESKTOP-A76ELC4" failures="0" tests="1" name="com.bfm.project.MailConfirmation" time="8.411" errors="0" timestamp="2023-06-07T16:21:08 IST" skipped="0">
  <testcase classname="com.bfm.project.MailConfirmation" name="mail" time="8.411"/>
  <system-out/>
</testsuite> <!-- com.bfm.project.MailConfirmation -->
