<?xml version="1.0" encoding="UTF-8"?>
<!-- Generated by org.testng.reporters.JUnitReportReporter -->
<testsuite hostname="DESKTOP-A76ELC4" failures="0" tests="1" name="com.bfm.project.Sample" time="0.011" errors="0" timestamp="2023-06-15T10:35:49 IST" skipped="0">
  <testcase classname="com.bfm.project.Sample" name="test1" time="0.011"/>
  <system-out/>
</testsuite> <!-- com.bfm.project.Sample -->
