<?xml version="1.0" encoding="UTF-8"?>
<!-- Generated by org.testng.reporters.JUnitReportReporter -->
<testsuite hostname="DESKTOP-A76ELC4" failures="0" tests="1" name="com.bfm.project.AddNewStaff" time="35.005" errors="0" timestamp="2023-06-12T15:14:03 IST" skipped="0">
  <testcase classname="com.bfm.project.AddNewStaff" name="addStaff" time="35.005"/>
  <system-out/>
</testsuite> <!-- com.bfm.project.AddNewStaff -->
