<?xml version="1.0" encoding="UTF-8"?>
<!-- Generated by org.testng.reporters.JUnitReportReporter -->
<testsuite hostname="DESKTOP-A76ELC4" failures="0" tests="2" name="com.bfm.project.GoalMaintNQFRef" time="40.591" errors="0" timestamp="2023-06-14T18:28:58 IST" skipped="0">
  <testcase classname="com.bfm.project.GoalMaintNQFRef" name="login" time="18.658"/>
  <system-out/>
  <testcase classname="com.bfm.project.GoalMaintNQFRef" name="nqfRef" time="21.933"/>
  <system-out/>
</testsuite> <!-- com.bfm.project.GoalMaintNQFRef -->
