<?xml version="1.0" encoding="UTF-8"?>
<!-- Generated by org.testng.reporters.JUnitReportReporter -->
<testsuite hostname="DESKTOP-A76ELC4" failures="0" tests="1" name="com.bfm.project.AddNewParent" time="28.684" errors="0" timestamp="2023-06-09T18:36:34 IST" skipped="0">
  <testcase classname="com.bfm.project.AddNewParent" name="newParent" time="28.684"/>
  <system-out/>
</testsuite> <!-- com.bfm.project.AddNewParent -->
