<?xml version="1.0" encoding="UTF-8"?>
<!-- Generated by org.testng.reporters.JUnitReportReporter -->
<testsuite hostname="DESKTOP-A76ELC4" failures="0" tests="1" name="com.bfm.project.AddActivityCenter" time="13.086" errors="0" timestamp="2023-06-15T15:34:33 IST" skipped="0">
  <testcase classname="com.bfm.project.AddActivityCenter" name="login" time="13.086"/>
  <system-out/>
</testsuite> <!-- com.bfm.project.AddActivityCenter -->
