<?xml version="1.0" encoding="UTF-8"?>
<!-- Generated by org.testng.reporters.JUnitReportReporter -->
<testsuite hostname="TSI0267-sarathkumar" failures="0" tests="1" name="com.bfm.project.AddActivityMaint" time="12.334" errors="0" timestamp="2023-08-11T12:05:14 IST" skipped="0">
  <testcase classname="com.bfm.project.AddActivityMaint" name="login" time="12.334"/>
  <system-out/>
</testsuite> <!-- com.bfm.project.AddActivityMaint -->
