<?xml version="1.0" encoding="UTF-8"?>
<!-- Generated by org.testng.reporters.JUnitReportReporter -->
<testsuite hostname="DESKTOP-A76ELC4" failures="0" tests="5" name="com.bfm.project.DeletingMAE" time="104.044" errors="0" timestamp="2023-06-22T18:42:10 IST" skipped="0">
  <testcase classname="com.bfm.project.DeletingMAE" name="createMAE" time="48.346"/>
  <system-out/>
  <testcase classname="com.bfm.project.DeletingMAE" name="deleteMAEVeryfy" time="28.611"/>
  <system-out/>
  <testcase classname="com.bfm.project.DeletingMAE" name="login" time="11.572"/>
  <system-out/>
  <testcase classname="com.bfm.project.DeletingMAE" name="dailyTask" time="9.916"/>
  <system-out/>
  <testcase classname="com.bfm.project.DeletingMAE" name="mesAddLang" time="5.599"/>
  <system-out/>
</testsuite> <!-- com.bfm.project.DeletingMAE -->
