<?xml version="1.0" encoding="UTF-8"?>
<!-- Generated by org.testng.reporters.JUnitReportReporter -->
<testsuite hostname="DESKTOP-A76ELC4" failures="0" tests="2" name="com.bfm.project.GoalMaintenance" time="33.601" errors="0" timestamp="2023-06-14T15:08:50 IST" skipped="0">
  <testcase classname="com.bfm.project.GoalMaintenance" name="login" time="17.793"/>
  <system-out/>
  <testcase classname="com.bfm.project.GoalMaintenance" name="goalmaintain" time="15.808"/>
  <system-out/>
</testsuite> <!-- com.bfm.project.GoalMaintenance -->
