<?xml version="1.0" encoding="UTF-8"?>
<!-- Generated by org.testng.reporters.JUnitReportReporter -->
<testsuite hostname="DESKTOP-A76ELC4" failures="0" tests="2" name="com.bfm.project.GoalMainRegBas" time="51.564" errors="0" timestamp="2023-06-15T14:38:51 IST" skipped="0">
  <testcase classname="com.bfm.project.GoalMainRegBas" name="goalRegBas" time="39.057"/>
  <system-out/>
  <testcase classname="com.bfm.project.GoalMainRegBas" name="login" time="12.507"/>
  <system-out/>
</testsuite> <!-- com.bfm.project.GoalMainRegBas -->
